#
# There is insufficient memory for the Java Runtime Environment to continue.
# Native memory allocation (malloc) failed to allocate 236656 bytes for Chunk::new
# Possible reasons:
#   The system is out of physical RAM or swap space
#   In 32 bit mode, the process size limit was hit
# Possible solutions:
#   Reduce memory load on the system
#   Increase physical memory or swap space
#   Check if swap backing store is full
#   Use 64 bit Java on a 64 bit OS
#   Decrease Java heap size (-Xmx/-Xms)
#   Decrease number of Java threads
#   Decrease Java thread stack sizes (-Xss)
#   Set larger code cache with -XX:ReservedCodeCacheSize=
# This output file may be truncated or incomplete.
#
#  Out of Memory Error (allocation.cpp:390), pid=3840, tid=0x0000000000000378
#
# JRE version: Java(TM) SE Runtime Environment (8.0_101-b13) (build 1.8.0_101-b13)
# Java VM: Java HotSpot(TM) 64-Bit Server VM (25.101-b13 mixed mode windows-amd64 compressed oops)
# Failed to write core dump. Minidumps are not enabled by default on client versions of Windows
#

---------------  T H R E A D  ---------------

Current thread (0x0000000016a50000):  JavaThread "C2 CompilerThread0" daemon [_thread_in_native, id=888, stack(0x0000000017200000,0x0000000017300000)]

Stack: [0x0000000017200000,0x0000000017300000]
[error occurred during error reporting (printing stack bounds), id 0xc0000005]

Native frames: (J=compiled Java code, j=interpreted, Vv=VM code, C=native code)


Current CompileTask:
C2:   1251  603       4       com.android.dx.ssa.SsaBasicBlock::forEachInsn (37 bytes)


---------------  P R O C E S S  ---------------

Java Threads: ( => current thread )
  0x0000000016c42800 JavaThread "pool-1-thread-4" [_thread_in_Java, id=6004, stack(0x0000000017c00000,0x0000000017d00000)]
  0x0000000016c3d000 JavaThread "pool-1-thread-3" [_thread_in_Java, id=7336, stack(0x0000000017b00000,0x0000000017c00000)]
  0x0000000016c34800 JavaThread "pool-1-thread-2" [_thread_in_Java, id=5416, stack(0x0000000017a00000,0x0000000017b00000)]
  0x0000000016c0e000 JavaThread "pool-2-thread-1" [_thread_blocked, id=10192, stack(0x0000000017900000,0x0000000017a00000)]
  0x0000000016c0d000 JavaThread "pool-1-thread-1" [_thread_in_vm, id=2592, stack(0x0000000017800000,0x0000000017900000)]
  0x0000000016aef000 JavaThread "Service Thread" daemon [_thread_blocked, id=8288, stack(0x0000000017600000,0x0000000017700000)]
  0x0000000016a59000 JavaThread "C1 CompilerThread3" daemon [_thread_in_native, id=4392, stack(0x0000000017500000,0x0000000017600000)]
  0x0000000014b2c800 JavaThread "C2 CompilerThread2" daemon [_thread_in_native, id=3772, stack(0x0000000017400000,0x0000000017500000)]
  0x0000000016a54000 JavaThread "C2 CompilerThread1" daemon [_thread_in_native, id=4820, stack(0x0000000017300000,0x0000000017400000)]
=>0x0000000016a50000 JavaThread "C2 CompilerThread0" daemon [_thread_in_native, id=888, stack(0x0000000017200000,0x0000000017300000)]
  0x0000000016a4d000 JavaThread "Attach Listener" daemon [_thread_blocked, id=9292, stack(0x0000000017100000,0x0000000017200000)]
  0x0000000016a4b800 JavaThread "Signal Dispatcher" daemon [_thread_blocked, id=9916, stack(0x0000000017000000,0x0000000017100000)]
  0x0000000016a40800 JavaThread "Finalizer" daemon [_thread_blocked, id=6208, stack(0x0000000016e20000,0x0000000016f20000)]
  0x0000000001f74000 JavaThread "Reference Handler" daemon [_thread_blocked, id=616, stack(0x0000000016920000,0x0000000016a20000)]
  0x0000000001e83000 JavaThread "main" [_thread_in_native, id=3208, stack(0x0000000001d80000,0x0000000001e80000)]

Other Threads:
  0x0000000014b19800 VMThread [stack: 0x0000000016820000,0x0000000016920000] [id=2768]
  0x0000000016b01000 WatcherThread [stack: 0x0000000017700000,0x0000000017800000] [id=9260]

VM state:not at safepoint (normal execution)

VM Mutex/Monitor currently owned by a thread: None

Heap:
 PSYoungGen      total 37888K, used 20415K [0x00000000eab00000, 0x00000000ed500000, 0x0000000100000000)
  eden space 32768K, 46% used [0x00000000eab00000,0x00000000eb9f23e8,0x00000000ecb00000)
  from space 5120K, 99% used [0x00000000ecb00000,0x00000000ecffdae8,0x00000000ed000000)
  to   space 5120K, 0% used [0x00000000ed000000,0x00000000ed000000,0x00000000ed500000)
 ParOldGen       total 86016K, used 1854K [0x00000000c0000000, 0x00000000c5400000, 0x00000000eab00000)
  object space 86016K, 2% used [0x00000000c0000000,0x00000000c01cfa88,0x00000000c5400000)
 Metaspace       used 5682K, capacity 6832K, committed 7040K, reserved 1056768K
  class space    used 586K, capacity 616K, committed 640K, reserved 1048576K

Card table byte_map: [0x00000000113c0000,0x00000000115d0000] byte_map_base: 0x0000000010dc0000

Marking Bits: (ParMarkBitMap*) 0x0000000073f8a6d0
 Begin Bits: [0x0000000011f30000, 0x0000000012f30000)
 End Bits:   [0x0000000012f30000, 0x0000000013f30000)

Polling page: 0x00000000005a0000

CodeCache: size=245760Kb used=2660Kb max_used=2672Kb free=243099Kb
 bounds [0x0000000002000000, 0x00000000022a0000, 0x0000000011000000]
 total_blobs=940 nmethods=678 adapters=175
 compilation: enabled

Compilation events (10 events):
Event: 0.813 Thread 0x0000000014b2c800 nmethod 542 0x000000000228d8d0 code [0x000000000228dc40, 0x000000000228f958]
Event: 0.814 Thread 0x0000000014b2c800  688       4       com.android.dx.util.Bits::findFirst (61 bytes)
Event: 0.821 Thread 0x0000000014b2c800 nmethod 688 0x000000000228a7d0 code [0x000000000228a900, 0x000000000228aa78]
Event: 0.821 Thread 0x0000000014b2c800  707       4       com.android.dx.rop.code.RegisterSpecSet::mutableCopy (57 bytes)
Event: 0.840 Thread 0x0000000014b2c800 nmethod 707 0x000000000228b210 code [0x000000000228b380, 0x000000000228b818]
Event: 0.840 Thread 0x0000000014b2c800  715       4       java.util.HashMap::getNode (148 bytes)
Event: 0.860 Thread 0x0000000014b2c800 nmethod 715 0x000000000228ca50 code [0x000000000228cbc0, 0x000000000228d258]
Event: 0.860 Thread 0x0000000014b2c800  717       4       java.util.BitSet::recalculateWordsInUse (39 bytes)
Event: 0.863 Thread 0x0000000014b2c800 nmethod 717 0x0000000002262590 code [0x00000000022626c0, 0x0000000002262778]
Event: 0.863 Thread 0x0000000014b2c800  728       4       com.android.dx.ssa.SsaRenamer$BlockRenamer::addMapping (143 bytes)

GC Heap History (0 events):
No events

Deoptimization events (3 events):
Event: 0.539 Thread 0x0000000016c3d000 Uncommon trap: reason=unstable_if action=reinterpret pc=0x00000000021d5af8 method=java.util.HashMap.getNode(ILjava/lang/Object;)Ljava/util/HashMap$Node; @ 62
Event: 0.630 Thread 0x0000000001e83000 Uncommon trap: reason=unstable_if action=reinterpret pc=0x00000000021ffcf0 method=java.util.BitSet.nextSetBit(I)I @ 87
Event: 0.673 Thread 0x0000000016c0d000 Uncommon trap: reason=unstable_if action=reinterpret pc=0x0000000002208744 method=java.util.HashMap.getNode(ILjava/lang/Object;)Ljava/util/HashMap$Node; @ 129

Internal exceptions (2 events):
Event: 0.059 Thread 0x0000000001e83000 Exception <a 'java/lang/NoSuchMethodError': Method sun.misc.Unsafe.defineClass(Ljava/lang/String;[BII)Ljava/lang/Class; name or signature does not match> (0x00000000eab07cc0) thrown at [C:\re\workspace\8-2-build-windows-amd64-cygwin\jdk8u101\7261\hotspot\sj@©aæ7®?
Event: 0.059 Thread 0x0000000001e83000 Exception <a 'java/lang/NoSuchMethodError': Method sun.misc.Unsafe.prefetchRead(Ljava/lang/Object;J)V name or signature does not match> (0x00000000eab07fa8) thrown at [C:\re\workspace\8-2-build-windows-amd64-cygwin\jdk8u101\7261\hotspot\src\share\vm\prims\

Events (10 events):
Event: 0.665 loading class java/util/HashMap$Values done
Event: 0.665 loading class java/util/HashMap$ValueIterator
Event: 0.665 loading class java/util/HashMap$ValueIterator done
Event: 0.673 Thread 0x0000000016c0d000 Uncommon trap: trap_request=0xffffff65 fr.pc=0x0000000002208744
Event: 0.673 Thread 0x0000000016c0d000 DEOPT PACKING pc=0x0000000002208744 sp=0x00000000178fe8d0
Event: 0.673 Thread 0x0000000016c0d000 DEOPT UNPACKING pc=0x000000000204582a sp=0x00000000178fe848 mode 2
Event: 0.708 loading class java/util/ArrayList$1
Event: 0.708 loading class java/util/ArrayList$1 done
Event: 0.745 Executing VM operation: ForceSafepoint
Event: 0.748 Executing VM operation: ForceSafepoint done


Dynamic libraries:
0x00007ff62f440000 - 0x00007ff62f477000 	C:\Program Files\Java\jdk1.8.0_101\bin\java.exe
0x00007ffc46ec0000 - 0x00007ffc4706d000 	C:\Windows\SYSTEM32\ntdll.dll
0x00007ffc44540000 - 0x00007ffc4467e000 	C:\Windows\system32\KERNEL32.DLL
0x00007ffc441e0000 - 0x00007ffc442f5000 	C:\Windows\system32\KERNELBASE.dll
0x00007ffc42c70000 - 0x00007ffc42cfe000 	C:\Windows\system32\apphelp.dll
0x00007ffc36b20000 - 0x00007ffc36b73000 	C:\Windows\AppPatch\AppPatch64\AcGenral.DLL
0x00007ffc44730000 - 0x00007ffc447da000 	C:\Windows\system32\msvcrt.dll
0x00007ffc441b0000 - 0x00007ffc441de000 	C:\Windows\system32\SspiCli.dll
0x00007ffc468f0000 - 0x00007ffc46944000 	C:\Windows\system32\SHLWAPI.dll
0x00007ffc44b60000 - 0x00007ffc44cd7000 	C:\Windows\system32\USER32.dll
0x00007ffc46a10000 - 0x00007ffc46ba4000 	C:\Windows\system32\ole32.dll
0x00007ffc450c0000 - 0x00007ffc465e8000 	C:\Windows\system32\SHELL32.dll
0x00007ffc43610000 - 0x00007ffc43631000 	C:\Windows\SYSTEM32\USERENV.dll
0x00007ffc44680000 - 0x00007ffc4472a000 	C:\Windows\system32\ADVAPI32.dll
0x00007ffc3b470000 - 0x00007ffc3b48e000 	C:\Windows\SYSTEM32\MPR.dll
0x00007ffc46750000 - 0x00007ffc46890000 	C:\Windows\system32\RPCRT4.dll
0x00007ffc46d90000 - 0x00007ffc46de9000 	C:\Windows\SYSTEM32\sechost.dll
0x00007ffc44cf0000 - 0x00007ffc44f01000 	C:\Windows\SYSTEM32\combase.dll
0x00007ffc44f10000 - 0x00007ffc4505f000 	C:\Windows\system32\GDI32.dll
0x00007ffc43fe0000 - 0x00007ffc43ff5000 	C:\Windows\SYSTEM32\profapi.dll
0x00007ffc42620000 - 0x00007ffc426d2000 	C:\Windows\SYSTEM32\SHCORE.dll
0x00007ffc46e10000 - 0x00007ffc46e46000 	C:\Windows\system32\IMM32.DLL
0x00007ffc465f0000 - 0x00007ffc46742000 	C:\Windows\system32\MSCTF.dll
0x00007ffc421a0000 - 0x00007ffc4241b000 	C:\Windows\WinSxS\amd64_microsoft.windows.common-controls_6595b64144ccf1df_6.0.9600.18006_none_623f33d3ecbe86e8\COMCTL32.dll
0x0000000073360000 - 0x0000000073432000 	C:\Program Files\Java\jdk1.8.0_101\jre\bin\msvcr100.dll
0x0000000073770000 - 0x000000007400a000 	C:\Program Files\Java\jdk1.8.0_101\jre\bin\server\jvm.dll
0x00007ffc420d0000 - 0x00007ffc420d9000 	C:\Windows\SYSTEM32\WSOCK32.dll
0x00007ffc42060000 - 0x00007ffc42082000 	C:\Windows\SYSTEM32\WINMM.dll
0x00007ffc41f20000 - 0x00007ffc41f2a000 	C:\Windows\SYSTEM32\VERSION.dll
0x00007ffc44a90000 - 0x00007ffc44a97000 	C:\Windows\system32\PSAPI.DLL
0x00007ffc46890000 - 0x00007ffc468ea000 	C:\Windows\system32\WS2_32.dll
0x00007ffc42020000 - 0x00007ffc4204a000 	C:\Windows\SYSTEM32\WINMMBASE.dll
0x00007ffc44ce0000 - 0x00007ffc44ce9000 	C:\Windows\system32\NSI.dll
0x00007ffc440b0000 - 0x00007ffc440ff000 	C:\Windows\SYSTEM32\cfgmgr32.dll
0x00007ffc42ec0000 - 0x00007ffc42ee8000 	C:\Windows\SYSTEM32\DEVOBJ.dll
0x0000000074470000 - 0x000000007447f000 	C:\Program Files\Java\jdk1.8.0_101\jre\bin\verify.dll
0x0000000074440000 - 0x0000000074469000 	C:\Program Files\Java\jdk1.8.0_101\jre\bin\java.dll
0x0000000074420000 - 0x0000000074436000 	C:\Program Files\Java\jdk1.8.0_101\jre\bin\zip.dll

VM Arguments:
jvm_args: -Djava.awt.headless=true -Xmx1024M -Dfile.encoding=windows-1251 -Duser.country=RU -Duser.language=ru -Duser.variant 
java_command: com.android.dx.command.Main --dex --force-jumbo --num-threads=4 --output C:\Users\Brom\.AndroidStudio2.1\Api\app\build\intermediates\pre-dexed\debug\main_47740e09a37a55c5c0a6b94313e55443aee136dc.jar C:\Users\Brom\.AndroidStudio2.1\Api\app\build\intermediates\transforms\instantRun\debug\folders\1\5\main
java_class_path (initial): D:\android\sdk\build-tools\24.0.2\lib\dx.jar
Launcher Type: SUN_STANDARD

Environment Variables:
JAVA_HOME=C:\Program Files\Java\jdk1.8.0_101
CLASSPATH=C:\Program Files\Java\javamail-1.4.7\mail.jar;
PATH=C:\ProgramData\Oracle\Java\javapath;C:\Windows\system32;C:\Windows;C:\Windows\System32\Wbem;C:\Windows\System32\WindowsPowerShell\v1.0\;C:\Program Files (x86)\NVIDIA Corporation\PhysX\Common;C:\Program Files (x86)\Windows Kits\8.1\Windows Performance Toolkit\;C:\Program Files\Microsoft SQL Server\110\Tools\Binn\;C:\Program Files (x86)\Skype\Phone\;D:\Program Files\New Folder\;D:\Program Files\mat\runtime\win64;D:\Program Files\mat\bin;D:\Program Files\mat\polyspace\bin;C:\Program Files\Microsoft SQL Server\Client SDK\ODBC\110\Tools\Binn\;C:\Program Files (x86)\Microsoft SQL Server\120\Tools\Binn\;C:\Program Files\Microsoft SQL Server\120\Tools\Binn\;C:\Program Files\Microsoft SQL Server\120\DTS\Binn\;C:\Program Files (x86)\Microsoft SQL Server\120\Tools\Binn\ManagementStudio\;C:\Program Files (x86)\Microsoft SQL Server\120\DTS\Binn\;D:\Program Files\doxygen\bin;C:\Users\Brom\AppData\Local\Programs\Python\Python35-32\Scripts\;C:\Users\Brom\AppData\Local\Programs\Python\Python35-32\
USERNAME=Brom
OS=Windows_NT
PROCESSOR_IDENTIFIER=Intel64 Family 6 Model 58 Stepping 9, GenuineIntel



---------------  S Y S T E M  ---------------

OS: Windows 8.1 , 64 bit Build 9600 (6.3.9600.17415)

CPU:total 8 (4 cores per cpu, 2 threads per core) family 6 model 58 stepping 9, cmov, cx8, fxsr, mmx, sse, sse2, sse3, ssse3, sse4.1, sse4.2, popcnt, avx, aes, clmul, erms, ht, tsc, tscinvbit, tscinv

Memory: 4k page, physical 8199448k(719408k free), swap 11345176k(5380k free)

vm_info: Java HotSpot(TM) 64-Bit Server VM (25.101-b13) for windows-amd64 JRE (1.8.0_101-b13), built on Jun 22 2016 01:21:29 by "java_re" with MS VC++ 10.0 (VS2010)

time: Fri Dec 30 02:53:04 2016
elapsed time: 1 seconds (0d 0h 0m 1s)

